<?xml version="1.0" encoding="UTF-8"?>
<testng-results ignored="0" total="2" passed="2" failed="0" skipped="0">
  <reporter-output>
  </reporter-output>
  <suite started-at="2024-05-15T02:46:49 IST" name="HRM Test Suite" finished-at="2024-05-15T02:46:59 IST" duration-ms="9676">
    <groups>
    </groups>
    <test started-at="2024-05-15T02:46:49 IST" name="Pending Leave Request Test Case" finished-at="2024-05-15T02:46:55 IST" duration-ms="5348">
      <class name="testCases.Test_Pending_Leave_Request">
        <test-method signature="verifyPendingLeaveRequests()[pri:0, instance:testCases.Test_Pending_Leave_Request@42b02722]" started-at="2024-05-15T02:46:49 IST" name="verifyPendingLeaveRequests" finished-at="2024-05-15T02:46:55 IST" duration-ms="5288" status="PASS">
          <reporter-output>
          </reporter-output>
        </test-method> <!-- verifyPendingLeaveRequests -->
      </class> <!-- testCases.Test_Pending_Leave_Request -->
    </test> <!-- Pending Leave Request Test Case -->
    <test started-at="2024-05-15T02:46:55 IST" name="Check User Role Test Case" finished-at="2024-05-15T02:46:59 IST" duration-ms="4270">
      <class name="testCases.Test_User_Role">
        <test-method is-config="true" signature="launchBrowser()[pri:0, instance:testCases.Test_User_Role@31dadd46]" started-at="2024-05-15T02:46:20 IST" name="launchBrowser" finished-at="2024-05-15T02:46:49 IST" duration-ms="29511" status="PASS">
          <reporter-output>
          </reporter-output>
        </test-method> <!-- launchBrowser -->
        <test-method signature="checkUserRoleStatus()[pri:0, instance:testCases.Test_User_Role@31dadd46]" started-at="2024-05-15T02:46:55 IST" name="checkUserRoleStatus" finished-at="2024-05-15T02:46:59 IST" duration-ms="4263" status="PASS">
          <reporter-output>
          </reporter-output>
        </test-method> <!-- checkUserRoleStatus -->
        <test-method is-config="true" signature="tearDown()[pri:0, instance:testCases.Test_User_Role@31dadd46]" started-at="2024-05-15T02:46:59 IST" name="tearDown" finished-at="2024-05-15T02:46:59 IST" duration-ms="381" status="PASS">
          <reporter-output>
          </reporter-output>
        </test-method> <!-- tearDown -->
      </class> <!-- testCases.Test_User_Role -->
    </test> <!-- Check User Role Test Case -->
  </suite> <!-- HRM Test Suite -->
</testng-results>
