<?xml version="1.0" encoding="UTF-8"?>
<!-- Generated by org.testng.reporters.JUnitXMLReporter -->
<testsuite ignored="0" hostname="Jayaram-G" failures="0" tests="4" name="Default test" time="5.846" errors="0" timestamp="2024-05-14T14:12:32 IST">
  <testcase classname="readDataUsingJXL.Login" name="login" time="2.329"/>
  <testcase classname="readDataUsingJXL.Login" name="login" time="0.502"/>
  <testcase classname="readDataUsingJXL.Login" name="login" time="0.499"/>
  <testcase classname="readDataUsingJXL.Login" name="login" time="0.501"/>
</testsuite> <!-- Default test -->
