<?xml version="1.0" encoding="UTF-8"?>
<testng-results ignored="0" total="4" passed="4" failed="0" skipped="0">
  <reporter-output>
  </reporter-output>
  <suite started-at="2024-05-14T14:12:26 IST" name="Default suite" finished-at="2024-05-14T14:12:32 IST" duration-ms="5846">
    <groups>
    </groups>
    <test started-at="2024-05-14T14:12:26 IST" name="Default test" finished-at="2024-05-14T14:12:32 IST" duration-ms="5846">
      <class name="readDataUsingJXL.Login">
        <test-method is-config="true" signature="beforeTest()[pri:0, instance:readDataUsingJXL.Login@618b19ad]" started-at="2024-05-14T14:12:26 IST" name="beforeTest" finished-at="2024-05-14T14:12:28 IST" duration-ms="1611" status="PASS">
          <reporter-output>
          </reporter-output>
        </test-method> <!-- beforeTest -->
        <test-method signature="login(java.lang.String,java.lang.String)[pri:0, instance:readDataUsingJXL.Login@618b19ad]" started-at="2024-05-14T14:12:28 IST" name="login" data-provider="loginData" finished-at="2024-05-14T14:12:30 IST" duration-ms="2329" status="PASS">
          <params>
            <param index="0">
              <value>
                <![CDATA[jayaramaut@gmail.com]]>
              </value>
            </param>
            <param index="1">
              <value>
                <![CDATA[password123]]>
              </value>
            </param>
          </params>
          <reporter-output>
          </reporter-output>
        </test-method> <!-- login -->
        <test-method signature="login(java.lang.String,java.lang.String)[pri:0, instance:readDataUsingJXL.Login@618b19ad]" started-at="2024-05-14T14:12:30 IST" name="login" data-provider="loginData" finished-at="2024-05-14T14:12:31 IST" duration-ms="502" status="PASS">
          <params>
            <param index="0">
              <value>
                <![CDATA[jayaram@gmail.com]]>
              </value>
            </param>
            <param index="1">
              <value>
                <![CDATA[password@123]]>
              </value>
            </param>
          </params>
          <reporter-output>
          </reporter-output>
        </test-method> <!-- login -->
        <test-method signature="login(java.lang.String,java.lang.String)[pri:0, instance:readDataUsingJXL.Login@618b19ad]" started-at="2024-05-14T14:12:31 IST" name="login" data-provider="loginData" finished-at="2024-05-14T14:12:31 IST" duration-ms="499" status="PASS">
          <params>
            <param index="0">
              <value>
                <![CDATA[jayaram@gmail.com]]>
              </value>
            </param>
            <param index="1">
              <value>
                <![CDATA[password123]]>
              </value>
            </param>
          </params>
          <reporter-output>
          </reporter-output>
        </test-method> <!-- login -->
        <test-method signature="login(java.lang.String,java.lang.String)[pri:0, instance:readDataUsingJXL.Login@618b19ad]" started-at="2024-05-14T14:12:31 IST" name="login" data-provider="loginData" finished-at="2024-05-14T14:12:32 IST" duration-ms="501" status="PASS">
          <params>
            <param index="0">
              <value>
                <![CDATA[jayaramaut@gmail.com]]>
              </value>
            </param>
            <param index="1">
              <value>
                <![CDATA[password@123]]>
              </value>
            </param>
          </params>
          <reporter-output>
          </reporter-output>
        </test-method> <!-- login -->
        <test-method is-config="true" signature="afterTest()[pri:0, instance:readDataUsingJXL.Login@618b19ad]" started-at="2024-05-14T14:12:32 IST" name="afterTest" finished-at="2024-05-14T14:12:32 IST" duration-ms="169" status="PASS">
          <reporter-output>
          </reporter-output>
        </test-method> <!-- afterTest -->
      </class> <!-- readDataUsingJXL.Login -->
    </test> <!-- Default test -->
  </suite> <!-- Default suite -->
</testng-results>
